INSTA_STORY_LOGGER - 2023-03-06 12:15:16,544 - Problem with signing to 435345 account
INSTA_STORY_LOGGER - 2023-03-06 12:15:16,545 - Account 435345 might be restricted
INSTA_STORY_LOGGER - 2023-03-06 12:15:37,807 - Problem with signing to arthurfehrenbach account
INSTA_STORY_LOGGER - 2023-03-06 12:15:37,807 - Account arthurfehrenbach might be restricted
INSTA_STORY_LOGGER - 2023-03-06 12:16:01,845 - Problem with signing to rauldavis58 account
INSTA_STORY_LOGGER - 2023-03-06 12:16:01,845 - Account rauldavis58 might be restricted
INSTA_STORY_LOGGER - 2023-03-06 17:41:50,743 - Problem with signing to 23123 account
INSTA_STORY_LOGGER - 2023-03-06 17:41:50,743 - Problem with signing to 23123 account
INSTA_STORY_LOGGER - 2023-03-06 17:41:50,743 - Problem with signing to 23123 account
INSTA_STORY_LOGGER - 2023-03-06 17:41:50,744 - Account 23123 might be restricted
INSTA_STORY_LOGGER - 2023-03-06 17:41:50,744 - Account 23123 might be restricted
INSTA_STORY_LOGGER - 2023-03-06 17:41:50,744 - Account 23123 might be restricted
INSTA_STORY_LOGGER - 2023-03-06 17:42:12,013 - Problem with signing to joshuadahlheimer2 account
INSTA_STORY_LOGGER - 2023-03-06 17:42:12,013 - Problem with signing to joshuadahlheimer2 account
INSTA_STORY_LOGGER - 2023-03-06 17:42:12,013 - Problem with signing to joshuadahlheimer2 account
INSTA_STORY_LOGGER - 2023-03-06 17:42:12,014 - Account joshuadahlheimer2 might be restricted
INSTA_STORY_LOGGER - 2023-03-06 17:42:12,014 - Account joshuadahlheimer2 might be restricted
INSTA_STORY_LOGGER - 2023-03-06 17:42:12,014 - Account joshuadahlheimer2 might be restricted
INSTA_STORY_LOGGER - 2023-03-06 17:42:31,110 - Problem with signing to 435345 account
INSTA_STORY_LOGGER - 2023-03-06 17:42:31,110 - Problem with signing to 435345 account
INSTA_STORY_LOGGER - 2023-03-06 17:42:31,110 - Problem with signing to 435345 account
INSTA_STORY_LOGGER - 2023-03-06 17:42:31,111 - Account 435345 might be restricted
INSTA_STORY_LOGGER - 2023-03-06 17:42:31,111 - Account 435345 might be restricted
INSTA_STORY_LOGGER - 2023-03-06 17:42:31,111 - Account 435345 might be restricted
INSTA_STORY_LOGGER - 2023-03-06 17:42:56,335 - Problem with signing to yvonnebuehler1 account
INSTA_STORY_LOGGER - 2023-03-06 17:42:56,335 - Problem with signing to yvonnebuehler1 account
INSTA_STORY_LOGGER - 2023-03-06 17:42:56,335 - Problem with signing to yvonnebuehler1 account
INSTA_STORY_LOGGER - 2023-03-06 17:42:56,335 - Account yvonnebuehler1 might be restricted
INSTA_STORY_LOGGER - 2023-03-06 17:42:56,335 - Account yvonnebuehler1 might be restricted
INSTA_STORY_LOGGER - 2023-03-06 17:42:56,335 - Account yvonnebuehler1 might be restricted
INSTA_STORY_LOGGER - 2023-03-06 17:43:17,297 - Problem with signing to arthurfehrenbach account
INSTA_STORY_LOGGER - 2023-03-06 17:43:17,297 - Problem with signing to arthurfehrenbach account
INSTA_STORY_LOGGER - 2023-03-06 17:43:17,297 - Problem with signing to arthurfehrenbach account
INSTA_STORY_LOGGER - 2023-03-06 17:43:17,297 - Account arthurfehrenbach might be restricted
INSTA_STORY_LOGGER - 2023-03-06 17:43:17,297 - Account arthurfehrenbach might be restricted
INSTA_STORY_LOGGER - 2023-03-06 17:43:17,297 - Account arthurfehrenbach might be restricted
INSTA_STORY_LOGGER - 2023-03-06 17:43:38,726 - Problem with signing to rauldavis58 account
INSTA_STORY_LOGGER - 2023-03-06 17:43:38,726 - Problem with signing to rauldavis58 account
INSTA_STORY_LOGGER - 2023-03-06 17:43:38,726 - Problem with signing to rauldavis58 account
INSTA_STORY_LOGGER - 2023-03-06 17:43:38,727 - Account rauldavis58 might be restricted
INSTA_STORY_LOGGER - 2023-03-06 17:43:38,727 - Account rauldavis58 might be restricted
INSTA_STORY_LOGGER - 2023-03-06 17:43:38,727 - Account rauldavis58 might be restricted
