INSTA_STORY_LOGGER - 2023-03-17 10:56:48,726 - Working account slon.kg. Its counter = 1
INSTA_STORY_LOGGER - 2023-03-17 10:56:48,726 - Working account slon.kg. Its counter = 1
INSTA_STORY_LOGGER - 2023-03-17 10:56:48,726 - Working account slon.kg. Its counter = 1
INSTA_STORY_LOGGER - 2023-03-17 10:56:48,726 - Working account slon.kg. Its counter = 1
INSTA_STORY_LOGGER - 2023-03-17 10:57:33,051 - Data to db {'slon.kg': {'path_video': [], 'path_photo': [], 'path_text': []}}
INSTA_STORY_LOGGER - 2023-03-17 10:57:33,051 - Data to db {'slon.kg': {'path_video': [], 'path_photo': [], 'path_text': []}}
INSTA_STORY_LOGGER - 2023-03-17 10:57:33,051 - Data to db {'slon.kg': {'path_video': [], 'path_photo': [], 'path_text': []}}
INSTA_STORY_LOGGER - 2023-03-17 10:57:33,051 - Data to db {'slon.kg': {'path_video': [], 'path_photo': [], 'path_text': []}}
INSTA_STORY_LOGGER - 2023-03-17 10:57:33,052 - Collection to send []
INSTA_STORY_LOGGER - 2023-03-17 10:57:33,052 - Collection to send []
INSTA_STORY_LOGGER - 2023-03-17 10:57:33,052 - Collection to send []
INSTA_STORY_LOGGER - 2023-03-17 10:57:33,052 - Collection to send []
INSTA_STORY_LOGGER - 2023-03-17 10:57:33,054 - Directory /slon.kg/stories successfully deleted
INSTA_STORY_LOGGER - 2023-03-17 10:57:33,054 - Directory /slon.kg/stories successfully deleted
INSTA_STORY_LOGGER - 2023-03-17 10:57:33,054 - Directory /slon.kg/stories successfully deleted
INSTA_STORY_LOGGER - 2023-03-17 10:57:33,054 - Directory /slon.kg/stories successfully deleted
INSTA_STORY_LOGGER - 2023-03-17 10:57:33,054 - Working account azhar_omarova98. Its counter = 2
INSTA_STORY_LOGGER - 2023-03-17 10:57:33,054 - Working account azhar_omarova98. Its counter = 2
INSTA_STORY_LOGGER - 2023-03-17 10:57:33,054 - Working account azhar_omarova98. Its counter = 2
INSTA_STORY_LOGGER - 2023-03-17 10:57:33,054 - Working account azhar_omarova98. Its counter = 2
INSTA_STORY_LOGGER - 2023-03-17 10:58:16,474 - Data to db {'slon.kg': {'path_video': [], 'path_photo': [], 'path_text': []}, 'azhar_omarova98': {'path_video': [], 'path_photo': [], 'path_text': []}}
INSTA_STORY_LOGGER - 2023-03-17 10:58:16,474 - Data to db {'slon.kg': {'path_video': [], 'path_photo': [], 'path_text': []}, 'azhar_omarova98': {'path_video': [], 'path_photo': [], 'path_text': []}}
INSTA_STORY_LOGGER - 2023-03-17 10:58:16,474 - Data to db {'slon.kg': {'path_video': [], 'path_photo': [], 'path_text': []}, 'azhar_omarova98': {'path_video': [], 'path_photo': [], 'path_text': []}}
INSTA_STORY_LOGGER - 2023-03-17 10:58:16,474 - Data to db {'slon.kg': {'path_video': [], 'path_photo': [], 'path_text': []}, 'azhar_omarova98': {'path_video': [], 'path_photo': [], 'path_text': []}}
INSTA_STORY_LOGGER - 2023-03-17 10:58:16,474 - Collection to send []
INSTA_STORY_LOGGER - 2023-03-17 10:58:16,474 - Collection to send []
INSTA_STORY_LOGGER - 2023-03-17 10:58:16,474 - Collection to send []
INSTA_STORY_LOGGER - 2023-03-17 10:58:16,474 - Collection to send []
INSTA_STORY_LOGGER - 2023-03-17 10:58:16,475 - Directory /azhar_omarova98/stories successfully deleted
INSTA_STORY_LOGGER - 2023-03-17 10:58:16,475 - Directory /azhar_omarova98/stories successfully deleted
INSTA_STORY_LOGGER - 2023-03-17 10:58:16,475 - Directory /azhar_omarova98/stories successfully deleted
INSTA_STORY_LOGGER - 2023-03-17 10:58:16,475 - Directory /azhar_omarova98/stories successfully deleted
INSTA_STORY_LOGGER - 2023-03-17 10:58:16,475 - Working account kamgov.ru. Its counter = 3
INSTA_STORY_LOGGER - 2023-03-17 10:58:16,475 - Working account kamgov.ru. Its counter = 3
INSTA_STORY_LOGGER - 2023-03-17 10:58:16,475 - Working account kamgov.ru. Its counter = 3
INSTA_STORY_LOGGER - 2023-03-17 10:58:16,475 - Working account kamgov.ru. Its counter = 3
INSTA_STORY_LOGGER - 2023-03-17 10:58:59,554 - Data to db {'slon.kg': {'path_video': [], 'path_photo': [], 'path_text': []}, 'azhar_omarova98': {'path_video': [], 'path_photo': [], 'path_text': []}, 'kamgov.ru': {'path_video': [], 'path_photo': [], 'path_text': []}}
INSTA_STORY_LOGGER - 2023-03-17 10:58:59,554 - Data to db {'slon.kg': {'path_video': [], 'path_photo': [], 'path_text': []}, 'azhar_omarova98': {'path_video': [], 'path_photo': [], 'path_text': []}, 'kamgov.ru': {'path_video': [], 'path_photo': [], 'path_text': []}}
INSTA_STORY_LOGGER - 2023-03-17 10:58:59,554 - Data to db {'slon.kg': {'path_video': [], 'path_photo': [], 'path_text': []}, 'azhar_omarova98': {'path_video': [], 'path_photo': [], 'path_text': []}, 'kamgov.ru': {'path_video': [], 'path_photo': [], 'path_text': []}}
INSTA_STORY_LOGGER - 2023-03-17 10:58:59,554 - Data to db {'slon.kg': {'path_video': [], 'path_photo': [], 'path_text': []}, 'azhar_omarova98': {'path_video': [], 'path_photo': [], 'path_text': []}, 'kamgov.ru': {'path_video': [], 'path_photo': [], 'path_text': []}}
INSTA_STORY_LOGGER - 2023-03-17 10:58:59,555 - Collection to send []
INSTA_STORY_LOGGER - 2023-03-17 10:58:59,555 - Collection to send []
INSTA_STORY_LOGGER - 2023-03-17 10:58:59,555 - Collection to send []
INSTA_STORY_LOGGER - 2023-03-17 10:58:59,555 - Collection to send []
INSTA_STORY_LOGGER - 2023-03-17 10:58:59,555 - Directory /kamgov.ru/stories successfully deleted
INSTA_STORY_LOGGER - 2023-03-17 10:58:59,555 - Directory /kamgov.ru/stories successfully deleted
INSTA_STORY_LOGGER - 2023-03-17 10:58:59,555 - Directory /kamgov.ru/stories successfully deleted
INSTA_STORY_LOGGER - 2023-03-17 10:58:59,555 - Directory /kamgov.ru/stories successfully deleted
INSTA_STORY_LOGGER - 2023-03-17 10:58:59,556 - Working account expo2017.news. Its counter = 4
INSTA_STORY_LOGGER - 2023-03-17 10:58:59,556 - Working account expo2017.news. Its counter = 4
INSTA_STORY_LOGGER - 2023-03-17 10:58:59,556 - Working account expo2017.news. Its counter = 4
INSTA_STORY_LOGGER - 2023-03-17 10:58:59,556 - Working account expo2017.news. Its counter = 4
INSTA_STORY_LOGGER - 2023-03-17 10:59:41,606 - Data to db {'slon.kg': {'path_video': [], 'path_photo': [], 'path_text': []}, 'azhar_omarova98': {'path_video': [], 'path_photo': [], 'path_text': []}, 'kamgov.ru': {'path_video': [], 'path_photo': [], 'path_text': []}, 'expo2017.news': {'path_video': [], 'path_photo': [], 'path_text': []}}
INSTA_STORY_LOGGER - 2023-03-17 10:59:41,606 - Data to db {'slon.kg': {'path_video': [], 'path_photo': [], 'path_text': []}, 'azhar_omarova98': {'path_video': [], 'path_photo': [], 'path_text': []}, 'kamgov.ru': {'path_video': [], 'path_photo': [], 'path_text': []}, 'expo2017.news': {'path_video': [], 'path_photo': [], 'path_text': []}}
INSTA_STORY_LOGGER - 2023-03-17 10:59:41,606 - Data to db {'slon.kg': {'path_video': [], 'path_photo': [], 'path_text': []}, 'azhar_omarova98': {'path_video': [], 'path_photo': [], 'path_text': []}, 'kamgov.ru': {'path_video': [], 'path_photo': [], 'path_text': []}, 'expo2017.news': {'path_video': [], 'path_photo': [], 'path_text': []}}
INSTA_STORY_LOGGER - 2023-03-17 10:59:41,606 - Data to db {'slon.kg': {'path_video': [], 'path_photo': [], 'path_text': []}, 'azhar_omarova98': {'path_video': [], 'path_photo': [], 'path_text': []}, 'kamgov.ru': {'path_video': [], 'path_photo': [], 'path_text': []}, 'expo2017.news': {'path_video': [], 'path_photo': [], 'path_text': []}}
INSTA_STORY_LOGGER - 2023-03-17 10:59:41,606 - Collection to send []
INSTA_STORY_LOGGER - 2023-03-17 10:59:41,606 - Collection to send []
INSTA_STORY_LOGGER - 2023-03-17 10:59:41,606 - Collection to send []
INSTA_STORY_LOGGER - 2023-03-17 10:59:41,606 - Collection to send []
INSTA_STORY_LOGGER - 2023-03-17 10:59:41,607 - Directory /expo2017.news/stories successfully deleted
INSTA_STORY_LOGGER - 2023-03-17 10:59:41,607 - Directory /expo2017.news/stories successfully deleted
INSTA_STORY_LOGGER - 2023-03-17 10:59:41,607 - Directory /expo2017.news/stories successfully deleted
INSTA_STORY_LOGGER - 2023-03-17 10:59:41,607 - Directory /expo2017.news/stories successfully deleted
INSTA_STORY_LOGGER - 2023-03-17 10:59:41,607 - Working account prokuratura_glubokovskogo. Its counter = 5
INSTA_STORY_LOGGER - 2023-03-17 10:59:41,607 - Working account prokuratura_glubokovskogo. Its counter = 5
INSTA_STORY_LOGGER - 2023-03-17 10:59:41,607 - Working account prokuratura_glubokovskogo. Its counter = 5
INSTA_STORY_LOGGER - 2023-03-17 10:59:41,607 - Working account prokuratura_glubokovskogo. Its counter = 5
INSTA_STORY_LOGGER - 2023-03-17 11:00:26,474 - Data to db {'slon.kg': {'path_video': [], 'path_photo': [], 'path_text': []}, 'azhar_omarova98': {'path_video': [], 'path_photo': [], 'path_text': []}, 'kamgov.ru': {'path_video': [], 'path_photo': [], 'path_text': []}, 'expo2017.news': {'path_video': [], 'path_photo': [], 'path_text': []}, 'prokuratura_glubokovskogo': {'path_video': [], 'path_photo': [], 'path_text': []}}
INSTA_STORY_LOGGER - 2023-03-17 11:00:26,474 - Data to db {'slon.kg': {'path_video': [], 'path_photo': [], 'path_text': []}, 'azhar_omarova98': {'path_video': [], 'path_photo': [], 'path_text': []}, 'kamgov.ru': {'path_video': [], 'path_photo': [], 'path_text': []}, 'expo2017.news': {'path_video': [], 'path_photo': [], 'path_text': []}, 'prokuratura_glubokovskogo': {'path_video': [], 'path_photo': [], 'path_text': []}}
INSTA_STORY_LOGGER - 2023-03-17 11:00:26,474 - Data to db {'slon.kg': {'path_video': [], 'path_photo': [], 'path_text': []}, 'azhar_omarova98': {'path_video': [], 'path_photo': [], 'path_text': []}, 'kamgov.ru': {'path_video': [], 'path_photo': [], 'path_text': []}, 'expo2017.news': {'path_video': [], 'path_photo': [], 'path_text': []}, 'prokuratura_glubokovskogo': {'path_video': [], 'path_photo': [], 'path_text': []}}
INSTA_STORY_LOGGER - 2023-03-17 11:00:26,474 - Data to db {'slon.kg': {'path_video': [], 'path_photo': [], 'path_text': []}, 'azhar_omarova98': {'path_video': [], 'path_photo': [], 'path_text': []}, 'kamgov.ru': {'path_video': [], 'path_photo': [], 'path_text': []}, 'expo2017.news': {'path_video': [], 'path_photo': [], 'path_text': []}, 'prokuratura_glubokovskogo': {'path_video': [], 'path_photo': [], 'path_text': []}}
INSTA_STORY_LOGGER - 2023-03-17 11:00:26,474 - Collection to send []
INSTA_STORY_LOGGER - 2023-03-17 11:00:26,474 - Collection to send []
INSTA_STORY_LOGGER - 2023-03-17 11:00:26,474 - Collection to send []
INSTA_STORY_LOGGER - 2023-03-17 11:00:26,474 - Collection to send []
INSTA_STORY_LOGGER - 2023-03-17 11:00:26,474 - Directory /prokuratura_glubokovskogo/stories successfully deleted
INSTA_STORY_LOGGER - 2023-03-17 11:00:26,474 - Directory /prokuratura_glubokovskogo/stories successfully deleted
INSTA_STORY_LOGGER - 2023-03-17 11:00:26,474 - Directory /prokuratura_glubokovskogo/stories successfully deleted
INSTA_STORY_LOGGER - 2023-03-17 11:00:26,474 - Directory /prokuratura_glubokovskogo/stories successfully deleted
INSTA_STORY_LOGGER - 2023-03-17 11:00:26,474 - Working account vantastic_world. Its counter = 6
INSTA_STORY_LOGGER - 2023-03-17 11:00:26,474 - Working account vantastic_world. Its counter = 6
INSTA_STORY_LOGGER - 2023-03-17 11:00:26,474 - Working account vantastic_world. Its counter = 6
INSTA_STORY_LOGGER - 2023-03-17 11:00:26,474 - Working account vantastic_world. Its counter = 6
INSTA_STORY_LOGGER - 2023-03-17 11:01:16,820 - Empty folder for vantastic_world have not been created
INSTA_STORY_LOGGER - 2023-03-17 11:01:16,820 - Empty folder for vantastic_world have not been created
INSTA_STORY_LOGGER - 2023-03-17 11:01:16,820 - Empty folder for vantastic_world have not been created
INSTA_STORY_LOGGER - 2023-03-17 11:01:16,820 - Empty folder for vantastic_world have not been created
INSTA_STORY_LOGGER - 2023-03-17 11:01:17,667 - Folder vantastic_world has been successfully created
INSTA_STORY_LOGGER - 2023-03-17 11:01:17,667 - Folder vantastic_world has been successfully created
INSTA_STORY_LOGGER - 2023-03-17 11:01:17,667 - Folder vantastic_world has been successfully created
INSTA_STORY_LOGGER - 2023-03-17 11:01:17,667 - Folder vantastic_world has been successfully created
INSTA_STORY_LOGGER - 2023-03-17 11:01:33,117 - Account vantastic_world has no photo to append it to database
INSTA_STORY_LOGGER - 2023-03-17 11:01:33,117 - Account vantastic_world has no photo to append it to database
INSTA_STORY_LOGGER - 2023-03-17 11:01:33,117 - Account vantastic_world has no photo to append it to database
INSTA_STORY_LOGGER - 2023-03-17 11:01:33,117 - Account vantastic_world has no photo to append it to database
INSTA_STORY_LOGGER - 2023-03-17 11:02:03,086 - Data to db {'slon.kg': {'path_video': [], 'path_photo': [], 'path_text': []}, 'azhar_omarova98': {'path_video': [], 'path_photo': [], 'path_text': []}, 'kamgov.ru': {'path_video': [], 'path_photo': [], 'path_text': []}, 'expo2017.news': {'path_video': [], 'path_photo': [], 'path_text': []}, 'prokuratura_glubokovskogo': {'path_video': [], 'path_photo': [], 'path_text': []}, 'vantastic_world': {'path_video': ['https://yadi.sk/d/_idLjTp_ErRGUA'], 'path_photo': ['https://yadi.sk/d/FfZbR2jPjaVnuA', 'https://yadi.sk/d/xIvI0P1IjSB7qw', 'https://yadi.sk/d/gX3Nk538Zu5uHg'], 'path_text': ['  Oeare  к4 т aВу', ' BEKHAL WATERFALL', 'NAW BEKHAL', ' iePa tae RAWANL']}}
INSTA_STORY_LOGGER - 2023-03-17 11:02:03,086 - Data to db {'slon.kg': {'path_video': [], 'path_photo': [], 'path_text': []}, 'azhar_omarova98': {'path_video': [], 'path_photo': [], 'path_text': []}, 'kamgov.ru': {'path_video': [], 'path_photo': [], 'path_text': []}, 'expo2017.news': {'path_video': [], 'path_photo': [], 'path_text': []}, 'prokuratura_glubokovskogo': {'path_video': [], 'path_photo': [], 'path_text': []}, 'vantastic_world': {'path_video': ['https://yadi.sk/d/_idLjTp_ErRGUA'], 'path_photo': ['https://yadi.sk/d/FfZbR2jPjaVnuA', 'https://yadi.sk/d/xIvI0P1IjSB7qw', 'https://yadi.sk/d/gX3Nk538Zu5uHg'], 'path_text': ['  Oeare  к4 т aВу', ' BEKHAL WATERFALL', 'NAW BEKHAL', ' iePa tae RAWANL']}}
INSTA_STORY_LOGGER - 2023-03-17 11:02:03,086 - Data to db {'slon.kg': {'path_video': [], 'path_photo': [], 'path_text': []}, 'azhar_omarova98': {'path_video': [], 'path_photo': [], 'path_text': []}, 'kamgov.ru': {'path_video': [], 'path_photo': [], 'path_text': []}, 'expo2017.news': {'path_video': [], 'path_photo': [], 'path_text': []}, 'prokuratura_glubokovskogo': {'path_video': [], 'path_photo': [], 'path_text': []}, 'vantastic_world': {'path_video': ['https://yadi.sk/d/_idLjTp_ErRGUA'], 'path_photo': ['https://yadi.sk/d/FfZbR2jPjaVnuA', 'https://yadi.sk/d/xIvI0P1IjSB7qw', 'https://yadi.sk/d/gX3Nk538Zu5uHg'], 'path_text': ['  Oeare  к4 т aВу', ' BEKHAL WATERFALL', 'NAW BEKHAL', ' iePa tae RAWANL']}}
INSTA_STORY_LOGGER - 2023-03-17 11:02:03,086 - Data to db {'slon.kg': {'path_video': [], 'path_photo': [], 'path_text': []}, 'azhar_omarova98': {'path_video': [], 'path_photo': [], 'path_text': []}, 'kamgov.ru': {'path_video': [], 'path_photo': [], 'path_text': []}, 'expo2017.news': {'path_video': [], 'path_photo': [], 'path_text': []}, 'prokuratura_glubokovskogo': {'path_video': [], 'path_photo': [], 'path_text': []}, 'vantastic_world': {'path_video': ['https://yadi.sk/d/_idLjTp_ErRGUA'], 'path_photo': ['https://yadi.sk/d/FfZbR2jPjaVnuA', 'https://yadi.sk/d/xIvI0P1IjSB7qw', 'https://yadi.sk/d/gX3Nk538Zu5uHg'], 'path_text': ['  Oeare  к4 т aВу', ' BEKHAL WATERFALL', 'NAW BEKHAL', ' iePa tae RAWANL']}}
INSTA_STORY_LOGGER - 2023-03-17 11:02:03,086 - Collection to send [[101487132, 'https://yadi.sk/d/_idLjTp_ErRGUA', 'empty', 'empty'], [101487132, 'empty', 'https://yadi.sk/d/FfZbR2jPjaVnuA', '  Oeare  к4 т aВу'], [101487132, 'empty', 'https://yadi.sk/d/xIvI0P1IjSB7qw', ' BEKHAL WATERFALL'], [101487132, 'empty', 'https://yadi.sk/d/gX3Nk538Zu5uHg', 'NAW BEKHAL']]
INSTA_STORY_LOGGER - 2023-03-17 11:02:03,086 - Collection to send [[101487132, 'https://yadi.sk/d/_idLjTp_ErRGUA', 'empty', 'empty'], [101487132, 'empty', 'https://yadi.sk/d/FfZbR2jPjaVnuA', '  Oeare  к4 т aВу'], [101487132, 'empty', 'https://yadi.sk/d/xIvI0P1IjSB7qw', ' BEKHAL WATERFALL'], [101487132, 'empty', 'https://yadi.sk/d/gX3Nk538Zu5uHg', 'NAW BEKHAL']]
INSTA_STORY_LOGGER - 2023-03-17 11:02:03,086 - Collection to send [[101487132, 'https://yadi.sk/d/_idLjTp_ErRGUA', 'empty', 'empty'], [101487132, 'empty', 'https://yadi.sk/d/FfZbR2jPjaVnuA', '  Oeare  к4 т aВу'], [101487132, 'empty', 'https://yadi.sk/d/xIvI0P1IjSB7qw', ' BEKHAL WATERFALL'], [101487132, 'empty', 'https://yadi.sk/d/gX3Nk538Zu5uHg', 'NAW BEKHAL']]
INSTA_STORY_LOGGER - 2023-03-17 11:02:03,086 - Collection to send [[101487132, 'https://yadi.sk/d/_idLjTp_ErRGUA', 'empty', 'empty'], [101487132, 'empty', 'https://yadi.sk/d/FfZbR2jPjaVnuA', '  Oeare  к4 т aВу'], [101487132, 'empty', 'https://yadi.sk/d/xIvI0P1IjSB7qw', ' BEKHAL WATERFALL'], [101487132, 'empty', 'https://yadi.sk/d/gX3Nk538Zu5uHg', 'NAW BEKHAL']]
INSTA_STORY_LOGGER - 2023-03-17 11:02:03,094 - Data successfully added to database []
INSTA_STORY_LOGGER - 2023-03-17 11:02:03,094 - Data successfully added to database []
INSTA_STORY_LOGGER - 2023-03-17 11:02:03,094 - Data successfully added to database []
INSTA_STORY_LOGGER - 2023-03-17 11:02:03,094 - Data successfully added to database []
INSTA_STORY_LOGGER - 2023-03-17 11:02:03,096 - Directory /vantastic_world/stories successfully deleted
INSTA_STORY_LOGGER - 2023-03-17 11:02:03,096 - Directory /vantastic_world/stories successfully deleted
INSTA_STORY_LOGGER - 2023-03-17 11:02:03,096 - Directory /vantastic_world/stories successfully deleted
INSTA_STORY_LOGGER - 2023-03-17 11:02:03,096 - Directory /vantastic_world/stories successfully deleted
INSTA_STORY_LOGGER - 2023-03-17 11:02:03,096 - Working account flame.coral. Its counter = 7
INSTA_STORY_LOGGER - 2023-03-17 11:02:03,096 - Working account flame.coral. Its counter = 7
INSTA_STORY_LOGGER - 2023-03-17 11:02:03,096 - Working account flame.coral. Its counter = 7
INSTA_STORY_LOGGER - 2023-03-17 11:02:03,096 - Working account flame.coral. Its counter = 7
INSTA_STORY_LOGGER - 2023-03-17 11:02:53,338 - Empty folder for flame.coral have not been created
INSTA_STORY_LOGGER - 2023-03-17 11:02:53,338 - Empty folder for flame.coral have not been created
INSTA_STORY_LOGGER - 2023-03-17 11:02:53,338 - Empty folder for flame.coral have not been created
INSTA_STORY_LOGGER - 2023-03-17 11:02:53,338 - Empty folder for flame.coral have not been created
INSTA_STORY_LOGGER - 2023-03-17 11:02:54,351 - Folder flame.coral has been successfully created
INSTA_STORY_LOGGER - 2023-03-17 11:02:54,351 - Folder flame.coral has been successfully created
INSTA_STORY_LOGGER - 2023-03-17 11:02:54,351 - Folder flame.coral has been successfully created
INSTA_STORY_LOGGER - 2023-03-17 11:02:54,351 - Folder flame.coral has been successfully created
INSTA_STORY_LOGGER - 2023-03-17 11:02:59,139 - Data to db {'flame.coral': {'path_video': [], 'path_photo': ['https://yadi.sk/d/DuDre2dE29PRQg'], 'path_text': ['ГРАНИЦЫ ТОЛЬКОЬ ТРОЕЙ ГОЛОРЕ']}}
INSTA_STORY_LOGGER - 2023-03-17 11:02:59,139 - Data to db {'flame.coral': {'path_video': [], 'path_photo': ['https://yadi.sk/d/DuDre2dE29PRQg'], 'path_text': ['ГРАНИЦЫ ТОЛЬКОЬ ТРОЕЙ ГОЛОРЕ']}}
INSTA_STORY_LOGGER - 2023-03-17 11:02:59,139 - Data to db {'flame.coral': {'path_video': [], 'path_photo': ['https://yadi.sk/d/DuDre2dE29PRQg'], 'path_text': ['ГРАНИЦЫ ТОЛЬКОЬ ТРОЕЙ ГОЛОРЕ']}}
INSTA_STORY_LOGGER - 2023-03-17 11:02:59,139 - Data to db {'flame.coral': {'path_video': [], 'path_photo': ['https://yadi.sk/d/DuDre2dE29PRQg'], 'path_text': ['ГРАНИЦЫ ТОЛЬКОЬ ТРОЕЙ ГОЛОРЕ']}}
INSTA_STORY_LOGGER - 2023-03-17 11:02:59,139 - Collection to send [[512563468, 'empty', 'https://yadi.sk/d/DuDre2dE29PRQg', 'ГРАНИЦЫ ТОЛЬКОЬ ТРОЕЙ ГОЛОРЕ']]
INSTA_STORY_LOGGER - 2023-03-17 11:02:59,139 - Collection to send [[512563468, 'empty', 'https://yadi.sk/d/DuDre2dE29PRQg', 'ГРАНИЦЫ ТОЛЬКОЬ ТРОЕЙ ГОЛОРЕ']]
INSTA_STORY_LOGGER - 2023-03-17 11:02:59,139 - Collection to send [[512563468, 'empty', 'https://yadi.sk/d/DuDre2dE29PRQg', 'ГРАНИЦЫ ТОЛЬКОЬ ТРОЕЙ ГОЛОРЕ']]
INSTA_STORY_LOGGER - 2023-03-17 11:02:59,139 - Collection to send [[512563468, 'empty', 'https://yadi.sk/d/DuDre2dE29PRQg', 'ГРАНИЦЫ ТОЛЬКОЬ ТРОЕЙ ГОЛОРЕ']]
INSTA_STORY_LOGGER - 2023-03-17 11:02:59,139 - Directory /flame.coral/stories successfully deleted
INSTA_STORY_LOGGER - 2023-03-17 11:02:59,139 - Directory /flame.coral/stories successfully deleted
INSTA_STORY_LOGGER - 2023-03-17 11:02:59,139 - Directory /flame.coral/stories successfully deleted
INSTA_STORY_LOGGER - 2023-03-17 11:02:59,139 - Directory /flame.coral/stories successfully deleted
INSTA_STORY_LOGGER - 2023-03-17 11:02:59,139 - Working account kazan_ok. Its counter = 8
INSTA_STORY_LOGGER - 2023-03-17 11:02:59,139 - Working account kazan_ok. Its counter = 8
INSTA_STORY_LOGGER - 2023-03-17 11:02:59,139 - Working account kazan_ok. Its counter = 8
INSTA_STORY_LOGGER - 2023-03-17 11:02:59,139 - Working account kazan_ok. Its counter = 8
INSTA_STORY_LOGGER - 2023-03-17 11:03:39,749 - Data to db {'flame.coral': {'path_video': [], 'path_photo': ['https://yadi.sk/d/DuDre2dE29PRQg'], 'path_text': ['ГРАНИЦЫ ТОЛЬКОЬ ТРОЕЙ ГОЛОРЕ']}, 'kazan_ok': {'path_video': [], 'path_photo': [], 'path_text': []}}
INSTA_STORY_LOGGER - 2023-03-17 11:03:39,749 - Data to db {'flame.coral': {'path_video': [], 'path_photo': ['https://yadi.sk/d/DuDre2dE29PRQg'], 'path_text': ['ГРАНИЦЫ ТОЛЬКОЬ ТРОЕЙ ГОЛОРЕ']}, 'kazan_ok': {'path_video': [], 'path_photo': [], 'path_text': []}}
INSTA_STORY_LOGGER - 2023-03-17 11:03:39,749 - Data to db {'flame.coral': {'path_video': [], 'path_photo': ['https://yadi.sk/d/DuDre2dE29PRQg'], 'path_text': ['ГРАНИЦЫ ТОЛЬКОЬ ТРОЕЙ ГОЛОРЕ']}, 'kazan_ok': {'path_video': [], 'path_photo': [], 'path_text': []}}
INSTA_STORY_LOGGER - 2023-03-17 11:03:39,749 - Data to db {'flame.coral': {'path_video': [], 'path_photo': ['https://yadi.sk/d/DuDre2dE29PRQg'], 'path_text': ['ГРАНИЦЫ ТОЛЬКОЬ ТРОЕЙ ГОЛОРЕ']}, 'kazan_ok': {'path_video': [], 'path_photo': [], 'path_text': []}}
INSTA_STORY_LOGGER - 2023-03-17 11:03:39,750 - Collection to send [[512563468, 'empty', 'https://yadi.sk/d/DuDre2dE29PRQg', 'ГРАНИЦЫ ТОЛЬКОЬ ТРОЕЙ ГОЛОРЕ'], [512563468, 'empty', 'https://yadi.sk/d/DuDre2dE29PRQg', 'ГРАНИЦЫ ТОЛЬКОЬ ТРОЕЙ ГОЛОРЕ']]
INSTA_STORY_LOGGER - 2023-03-17 11:03:39,750 - Collection to send [[512563468, 'empty', 'https://yadi.sk/d/DuDre2dE29PRQg', 'ГРАНИЦЫ ТОЛЬКОЬ ТРОЕЙ ГОЛОРЕ'], [512563468, 'empty', 'https://yadi.sk/d/DuDre2dE29PRQg', 'ГРАНИЦЫ ТОЛЬКОЬ ТРОЕЙ ГОЛОРЕ']]
INSTA_STORY_LOGGER - 2023-03-17 11:03:39,750 - Collection to send [[512563468, 'empty', 'https://yadi.sk/d/DuDre2dE29PRQg', 'ГРАНИЦЫ ТОЛЬКОЬ ТРОЕЙ ГОЛОРЕ'], [512563468, 'empty', 'https://yadi.sk/d/DuDre2dE29PRQg', 'ГРАНИЦЫ ТОЛЬКОЬ ТРОЕЙ ГОЛОРЕ']]
INSTA_STORY_LOGGER - 2023-03-17 11:03:39,750 - Collection to send [[512563468, 'empty', 'https://yadi.sk/d/DuDre2dE29PRQg', 'ГРАНИЦЫ ТОЛЬКОЬ ТРОЕЙ ГОЛОРЕ'], [512563468, 'empty', 'https://yadi.sk/d/DuDre2dE29PRQg', 'ГРАНИЦЫ ТОЛЬКОЬ ТРОЕЙ ГОЛОРЕ']]
INSTA_STORY_LOGGER - 2023-03-17 11:03:39,750 - Directory /kazan_ok/stories successfully deleted
INSTA_STORY_LOGGER - 2023-03-17 11:03:39,750 - Directory /kazan_ok/stories successfully deleted
INSTA_STORY_LOGGER - 2023-03-17 11:03:39,750 - Directory /kazan_ok/stories successfully deleted
INSTA_STORY_LOGGER - 2023-03-17 11:03:39,750 - Directory /kazan_ok/stories successfully deleted
INSTA_STORY_LOGGER - 2023-03-17 11:03:39,751 - Working account eldala_kz. Its counter = 9
INSTA_STORY_LOGGER - 2023-03-17 11:03:39,751 - Working account eldala_kz. Its counter = 9
INSTA_STORY_LOGGER - 2023-03-17 11:03:39,751 - Working account eldala_kz. Its counter = 9
INSTA_STORY_LOGGER - 2023-03-17 11:03:39,751 - Working account eldala_kz. Its counter = 9
INSTA_STORY_LOGGER - 2023-03-17 11:04:26,904 - Empty folder for eldala_kz have not been created
INSTA_STORY_LOGGER - 2023-03-17 11:04:26,904 - Empty folder for eldala_kz have not been created
INSTA_STORY_LOGGER - 2023-03-17 11:04:26,904 - Empty folder for eldala_kz have not been created
INSTA_STORY_LOGGER - 2023-03-17 11:04:26,904 - Empty folder for eldala_kz have not been created
INSTA_STORY_LOGGER - 2023-03-17 11:04:27,620 - Folder eldala_kz has been successfully created
INSTA_STORY_LOGGER - 2023-03-17 11:04:27,620 - Folder eldala_kz has been successfully created
INSTA_STORY_LOGGER - 2023-03-17 11:04:27,620 - Folder eldala_kz has been successfully created
INSTA_STORY_LOGGER - 2023-03-17 11:04:27,620 - Folder eldala_kz has been successfully created
INSTA_STORY_LOGGER - 2023-03-17 11:04:35,079 - Account eldala_kz has no photo to append it to database
INSTA_STORY_LOGGER - 2023-03-17 11:04:35,079 - Account eldala_kz has no photo to append it to database
INSTA_STORY_LOGGER - 2023-03-17 11:04:35,079 - Account eldala_kz has no photo to append it to database
INSTA_STORY_LOGGER - 2023-03-17 11:04:35,079 - Account eldala_kz has no photo to append it to database
